# JRE version: Java(TM) SE Runtime Environment (18.0+36) (build 18+36-2087)
# Java VM: Java HotSpot(TM) 64-Bit Server VM (18+36-2087, mixed mode, sharing, tiered, compressed oops, compressed class ptrs, g1 gc, windows-amd64)
GC Precious Log:
 CardTable entry size: 512
 Card Set container configuration: InlinePtr #cards 4 size 8 Array Of Cards #cards 32 size 80 Howl #buckets 8 coarsen threshold 7372 Howl Bitmap #cards 1024 size 144 coarsen threshold 921 Card regions per heap region 1 cards per card region 8192
 CPUs: 8 total, 8 available
 Memory: 32766M
 Large Page Support: Disabled
 NUMA Support: Disabled
 Compressed Oops: Enabled (Zero based)
 Heap Region Size: 4M
 Heap Min Capacity: 8M
 Heap Initial Capacity: 512M
 Heap Max Capacity: 8G
 Pre-touch: Disabled
 Parallel Workers: 8
 Concurrent Workers: 2
 Concurrent Refinement Workers: 8
 Periodic GC: Disabled
Heap:
 garbage-first heap   total 196608K, used 116012K [0x0000000600000000, 0x0000000800000000)
  region size 4096K, 18 young (73728K), 1 survivors (4096K)
 Metaspace       used 78147K, committed 78720K, reserved 1179648K
  class space    used 9398K, committed 9664K, reserved 1048576K
GC Heap History (20 events):
Event: 120.054 GC heap before
{Heap before GC invocations=48 (full 0):
 garbage-first heap   total 196608K, used 160403K [0x0000000600000000, 0x0000000800000000)
  region size 4096K, 28 young (114688K), 1 survivors (4096K)
 Metaspace       used 77779K, committed 78336K, reserved 1179648K
  class space    used 9394K, committed 9664K, reserved 1048576K
}
Event: 120.057 GC heap after
{Heap after GC invocations=49 (full 0):
 garbage-first heap   total 196608K, used 49869K [0x0000000600000000, 0x0000000800000000)
  region size 4096K, 1 young (4096K), 1 survivors (4096K)
 Metaspace       used 77779K, committed 78336K, reserved 1179648K
  class space    used 9394K, committed 9664K, reserved 1048576K
}
Event: 125.361 GC heap before
{Heap before GC invocations=49 (full 0):
 garbage-first heap   total 196608K, used 160461K [0x0000000600000000, 0x0000000800000000)
  region size 4096K, 28 young (114688K), 1 survivors (4096K)
 Metaspace       used 77780K, committed 78336K, reserved 1179648K
  class space    used 9395K, committed 9664K, reserved 1048576K
}
Event: 125.363 GC heap after
{Heap after GC invocations=50 (full 0):
 garbage-first heap   total 196608K, used 49975K [0x0000000600000000, 0x0000000800000000)
  region size 4096K, 1 young (4096K), 1 survivors (4096K)
 Metaspace       used 77780K, committed 78336K, reserved 1179648K
  class space    used 9395K, committed 9664K, reserved 1048576K
}
Event: 130.341 GC heap before
{Heap before GC invocations=50 (full 0):
 garbage-first heap   total 196608K, used 160567K [0x0000000600000000, 0x0000000800000000)
  region size 4096K, 28 young (114688K), 1 survivors (4096K)
 Metaspace       used 77781K, committed 78336K, reserved 1179648K
  class space    used 9395K, committed 9664K, reserved 1048576K
}
Event: 130.343 GC heap after
{Heap after GC invocations=51 (full 0):
 garbage-first heap   total 196608K, used 49987K [0x0000000600000000, 0x0000000800000000)
  region size 4096K, 1 young (4096K), 1 survivors (4096K)
 Metaspace       used 77781K, committed 78336K, reserved 1179648K
  class space    used 9395K, committed 9664K, reserved 1048576K
}
Event: 135.306 GC heap before
{Heap before GC invocations=51 (full 0):
 garbage-first heap   total 196608K, used 160579K [0x0000000600000000, 0x0000000800000000)
  region size 4096K, 28 young (114688K), 1 survivors (4096K)
 Metaspace       used 77919K, committed 78464K, reserved 1179648K
  class space    used 9395K, committed 9664K, reserved 1048576K
}
Event: 135.310 GC heap after
{Heap after GC invocations=52 (full 0):
 garbage-first heap   total 196608K, used 50117K [0x0000000600000000, 0x0000000800000000)
  region size 4096K, 1 young (4096K), 1 survivors (4096K)
 Metaspace       used 77919K, committed 78464K, reserved 1179648K
  class space    used 9395K, committed 9664K, reserved 1048576K
}
Event: 139.916 GC heap before
{Heap before GC invocations=52 (full 0):
 garbage-first heap   total 196608K, used 160709K [0x0000000600000000, 0x0000000800000000)
  region size 4096K, 28 young (114688K), 1 survivors (4096K)
 Metaspace       used 77927K, committed 78528K, reserved 1179648K
  class space    used 9396K, committed 9664K, reserved 1048576K
}
Event: 139.919 GC heap after
{Heap after GC invocations=53 (full 0):
 garbage-first heap   total 196608K, used 50095K [0x0000000600000000, 0x0000000800000000)
  region size 4096K, 1 young (4096K), 1 survivors (4096K)
 Metaspace       used 77927K, committed 78528K, reserved 1179648K
  class space    used 9396K, committed 9664K, reserved 1048576K
}
Event: 144.538 GC heap before
{Heap before GC invocations=53 (full 0):
 garbage-first heap   total 196608K, used 160687K [0x0000000600000000, 0x0000000800000000)
  region size 4096K, 28 young (114688K), 1 survivors (4096K)
 Metaspace       used 77999K, committed 78592K, reserved 1179648K
  class space    used 9397K, committed 9664K, reserved 1048576K
}
Event: 144.540 GC heap after
{Heap after GC invocations=54 (full 0):
 garbage-first heap   total 196608K, used 50196K [0x0000000600000000, 0x0000000800000000)
  region size 4096K, 1 young (4096K), 1 survivors (4096K)
 Metaspace       used 77999K, committed 78592K, reserved 1179648K
  class space    used 9397K, committed 9664K, reserved 1048576K
}
Event: 149.454 GC heap before
{Heap before GC invocations=54 (full 0):
 garbage-first heap   total 196608K, used 160788K [0x0000000600000000, 0x0000000800000000)
  region size 4096K, 28 young (114688K), 1 survivors (4096K)
 Metaspace       used 78000K, committed 78592K, reserved 1179648K
  class space    used 9398K, committed 9664K, reserved 1048576K
}
Event: 149.456 GC heap after
{Heap after GC invocations=55 (full 0):
 garbage-first heap   total 196608K, used 50287K [0x0000000600000000, 0x0000000800000000)
  region size 4096K, 1 young (4096K), 1 survivors (4096K)
 Metaspace       used 78000K, committed 78592K, reserved 1179648K
  class space    used 9398K, committed 9664K, reserved 1048576K
}
Event: 153.826 GC heap before
{Heap before GC invocations=55 (full 0):
 garbage-first heap   total 196608K, used 160879K [0x0000000600000000, 0x0000000800000000)
  region size 4096K, 28 young (114688K), 1 survivors (4096K)
 Metaspace       used 78000K, committed 78592K, reserved 1179648K
  class space    used 9398K, committed 9664K, reserved 1048576K
}
Event: 153.828 GC heap after
{Heap after GC invocations=56 (full 0):
 garbage-first heap   total 196608K, used 50341K [0x0000000600000000, 0x0000000800000000)
  region size 4096K, 1 young (4096K), 1 survivors (4096K)
 Metaspace       used 78000K, committed 78592K, reserved 1179648K
  class space    used 9398K, committed 9664K, reserved 1048576K
}
Event: 158.404 GC heap before
{Heap before GC invocations=56 (full 0):
 garbage-first heap   total 196608K, used 160933K [0x0000000600000000, 0x0000000800000000)
  region size 4096K, 28 young (114688K), 1 survivors (4096K)
 Metaspace       used 78097K, committed 78720K, reserved 1179648K
  class space    used 9398K, committed 9664K, reserved 1048576K
}
Event: 158.406 GC heap after
{Heap after GC invocations=57 (full 0):
 garbage-first heap   total 196608K, used 50407K [0x0000000600000000, 0x0000000800000000)
  region size 4096K, 1 young (4096K), 1 survivors (4096K)
 Metaspace       used 78097K, committed 78720K, reserved 1179648K
  class space    used 9398K, committed 9664K, reserved 1048576K
}
Event: 162.412 GC heap before
{Heap before GC invocations=57 (full 0):
 garbage-first heap   total 196608K, used 160999K [0x0000000600000000, 0x0000000800000000)
  region size 4096K, 28 young (114688K), 1 survivors (4096K)
 Metaspace       used 78097K, committed 78720K, reserved 1179648K
  class space    used 9398K, committed 9664K, reserved 1048576K
}
Event: 162.413 GC heap after
{Heap after GC invocations=58 (full 0):
 garbage-first heap   total 196608K, used 50476K [0x0000000600000000, 0x0000000800000000)
  region size 4096K, 1 young (4096K), 1 survivors (4096K)
 Metaspace       used 78097K, committed 78720K, reserved 1179648K
  class space    used 9398K, committed 9664K, reserved 1048576K
}

